SF:/home/darek/work/deno-api-server/dev_mod.ts
FNF:0
FNH:0
BRF:0
BRH:0
DA:1,8
DA:2,8
DA:3,8
DA:4,8
DA:5,8
DA:6,8
LH:6
LF:6
end_of_record
SF:/home/darek/work/deno-api-server/example/fixtures/service-x.ts
FN:1,serviceX
FN:4,serviceY
FN:7,serviceDefault
FNDA:0,serviceX
FNDA:0,serviceY
FNDA:0,serviceDefault
FNF:3
FNH:0
BRF:0
BRH:0
DA:1,0
DA:2,0
DA:3,0
DA:4,0
DA:5,0
DA:6,0
DA:7,0
DA:8,0
DA:9,0
LH:0
LF:9
end_of_record
SF:/home/darek/work/deno-api-server/mod.ts
FNF:0
FNH:0
BRF:0
BRH:0
DA:14,7
DA:15,7
DA:16,7
DA:17,7
DA:18,7
DA:19,7
DA:20,7
DA:21,7
DA:24,7
DA:25,7
DA:26,7
DA:27,7
DA:28,7
DA:29,7
LH:14
LF:14
end_of_record
SF:/home/darek/work/deno-api-server/plugins/access-log/plugin.ts
FN:16,plugin
FNDA:2,plugin
FNF:1
FNH:1
BRDA:19,1,0,1
BRDA:28,2,0,0
BRDA:32,2,1,0
BRDA:43,2,2,1
BRDA:43,2,3,2
BRDA:46,2,4,2
BRF:6
BRH:4
DA:1,1
DA:16,1
DA:17,3
DA:19,3
DA:20,4
DA:21,4
DA:23,3
DA:24,6
DA:25,6
DA:26,6
DA:28,0
DA:29,0
DA:30,0
DA:32,0
DA:33,0
DA:34,0
DA:35,0
DA:36,0
DA:37,0
DA:38,0
DA:40,6
DA:42,6
DA:43,6
DA:44,6
DA:46,6
DA:47,8
DA:48,8
DA:50,6
DA:51,6
DA:52,6
DA:53,6
DA:54,6
DA:55,6
DA:56,6
DA:58,6
DA:59,3
DA:60,3
LH:27
LF:37
end_of_record
SF:/home/darek/work/deno-api-server/plugins/add-route/plugin.ts
FN:13,plugin
FNDA:2,plugin
FNF:1
FNH:1
BRDA:17,2,0,2
BRF:1
BRH:1
DA:1,1
DA:13,1
DA:14,3
DA:15,6
DA:16,6
DA:17,6
DA:18,6
DA:19,6
DA:20,3
DA:21,3
LH:10
LF:10
end_of_record
SF:/home/darek/work/deno-api-server/plugins/healthcheck/plugin.ts
FN:11,plugin
FNDA:1,plugin
FNF:1
FNH:1
BRF:0
BRH:0
DA:1,1
DA:11,1
DA:12,8
DA:13,2
LH:4
LF:4
end_of_record
SF:/home/darek/work/deno-api-server/plugins/status/plugin.ts
FN:12,createStatusRoute
FN:34,plugin
FNDA:1,createStatusRoute
FNDA:1,plugin
FNF:2
FNH:2
BRDA:13,1,0,0
BRDA:15,1,1,0
BRF:2
BRH:0
DA:1,1
DA:12,1
DA:13,0
DA:15,0
DA:16,0
DA:17,0
DA:18,0
DA:19,0
DA:20,0
DA:21,2
DA:23,2
DA:24,2
DA:34,1
DA:35,2
DA:36,2
DA:37,6
DA:38,2
DA:39,2
DA:41,2
DA:42,2
LH:13
LF:20
end_of_record
SF:/home/darek/work/deno-api-server/plugins/swagger/plugin.ts
FN:91,getUri
FN:95,plugin
FNDA:13,getUri
FNDA:6,plugin
FNF:2
FNH:2
BRDA:102,2,0,0
BRDA:104,2,1,0
BRDA:172,3,0,5
BRDA:117,4,0,1
BRDA:117,4,1,12
BRDA:135,5,0,2
BRDA:139,5,1,1
BRDA:146,5,2,1
BRDA:151,5,3,1
BRDA:157,5,4,0
BRF:10
BRH:7
DA:1,1
DA:64,5
DA:91,1
DA:92,14
DA:93,14
DA:95,1
DA:96,7
DA:97,7
DA:98,7
DA:99,7
DA:102,0
DA:104,0
DA:105,0
DA:106,0
DA:107,21
DA:109,7
DA:110,13
DA:111,13
DA:112,13
DA:113,13
DA:115,13
DA:116,26
DA:117,26
DA:119,26
DA:121,26
DA:122,39
DA:124,39
DA:125,39
DA:126,39
DA:127,39
DA:128,39
DA:129,39
DA:130,39
DA:131,39
DA:132,39
DA:135,39
DA:136,41
DA:137,41
DA:139,41
DA:140,42
DA:142,42
DA:143,42
DA:144,42
DA:146,41
DA:147,42
DA:148,42
DA:151,41
DA:153,126
DA:154,42
DA:157,0
DA:158,0
DA:159,0
DA:160,0
DA:161,0
DA:162,41
DA:164,39
DA:165,26
DA:166,26
DA:168,26
DA:169,13
DA:172,13
DA:173,18
DA:174,18
DA:176,13
DA:177,13
DA:178,13
DA:179,13
DA:180,13
DA:181,13
DA:182,13
DA:183,13
DA:184,7
DA:186,7
DA:187,7
LH:65
LF:74
end_of_record
SF:/home/darek/work/deno-api-server/src/definition/event.ts
FNF:0
FNH:0
BRF:0
BRH:0
DA:1,9
DA:2,9
DA:3,9
DA:4,9
DA:5,9
DA:6,9
DA:7,9
DA:8,9
DA:9,9
LH:9
LF:9
end_of_record
SF:/home/darek/work/deno-api-server/src/definition/events/error.event.ts
FN:2,<instance_members_initializer>
FN:5,ErrorEvent
FNDA:4,<instance_members_initializer>
FNDA:4,ErrorEvent
FNF:2
FNH:2
BRF:0
BRH:0
DA:1,9
DA:2,9
DA:3,9
DA:5,9
DA:6,13
DA:7,13
DA:8,13
DA:9,13
DA:10,9
LH:9
LF:9
end_of_record
SF:/home/darek/work/deno-api-server/src/definition/events/request.event.ts
FN:4,<instance_members_initializer>
FN:7,RequestEvent
FNDA:26,<instance_members_initializer>
FNDA:26,RequestEvent
FNF:2
FNH:2
BRF:0
BRH:0
DA:3,9
DA:4,9
DA:5,9
DA:7,9
DA:8,35
DA:9,35
DA:10,35
DA:11,35
DA:12,9
LH:9
LF:9
end_of_record
SF:/home/darek/work/deno-api-server/src/definition/events/route.event.ts
FN:4,<instance_members_initializer>
FN:6,RouteEvent
FNDA:58,<instance_members_initializer>
FNDA:58,RouteEvent
FNF:2
FNH:2
BRF:0
BRH:0
DA:3,9
DA:4,9
DA:6,9
DA:7,67
DA:8,67
DA:9,67
DA:10,9
LH:7
LF:7
end_of_record
SF:/home/darek/work/deno-api-server/src/definition/method.ts
FNF:0
FNH:0
BRF:0
BRH:0
DA:1,7
DA:2,7
DA:3,7
DA:4,7
DA:5,7
DA:6,7
DA:7,7
DA:8,7
LH:8
LF:8
end_of_record
SF:/home/darek/work/deno-api-server/src/definition/types.ts
FNF:0
FNH:0
BRF:0
BRH:0
DA:73,11
LH:1
LF:1
end_of_record
SF:/home/darek/work/deno-api-server/src/deps.ts
FN:1,serve
FNDA:0,serve
FNF:1
FNH:0
BRF:0
BRH:0
DA:1,0
DA:2,0
LH:0
LF:2
end_of_record
SF:/home/darek/work/deno-api-server/src/dev_deps.ts
FN:7,assertCalledCount
FN:17,assertCalledWith
FN:30,assertCalledWithAt
FNDA:10,assertCalledCount
FNDA:1,assertCalledWith
FNDA:4,assertCalledWithAt
FNF:3
FNH:3
BRF:0
BRH:0
DA:1,14
DA:2,14
DA:7,14
DA:8,14
DA:9,14
DA:11,24
DA:12,24
DA:17,14
DA:18,14
DA:19,14
DA:20,14
DA:22,15
DA:23,15
DA:24,15
DA:25,15
DA:30,14
DA:31,14
DA:32,14
DA:33,14
DA:34,14
DA:36,18
DA:37,18
DA:38,18
DA:39,18
LH:24
LF:24
end_of_record
SF:/home/darek/work/deno-api-server/src/errors/access-denied.error.ts
FN:4,AccessDeniedError
FNDA:2,AccessDeniedError
FNF:1
FNH:1
BRF:0
BRH:0
DA:1,8
DA:3,8
DA:4,8
DA:5,8
DA:6,8
DA:7,8
DA:8,8
DA:9,10
DA:10,10
DA:11,8
LH:10
LF:10
end_of_record
SF:/home/darek/work/deno-api-server/src/errors/bad-request.error.ts
FN:4,BadRequestError
FNDA:0,BadRequestError
FNF:1
FNH:0
BRF:0
BRH:0
DA:1,7
DA:3,7
DA:4,0
DA:5,0
DA:6,0
DA:7,0
DA:8,0
DA:9,0
DA:10,0
DA:11,7
LH:3
LF:10
end_of_record
SF:/home/darek/work/deno-api-server/src/errors/mod.ts
FNF:0
FNH:0
BRF:0
BRH:0
DA:1,7
DA:2,7
DA:3,7
DA:4,7
LH:4
LF:4
end_of_record
SF:/home/darek/work/deno-api-server/src/errors/not-found.error.ts
FN:4,NotFoundError
FNDA:0,NotFoundError
FNF:1
FNH:0
BRF:0
BRH:0
DA:1,8
DA:3,8
DA:4,0
DA:5,0
DA:6,0
DA:7,8
LH:3
LF:6
end_of_record
SF:/home/darek/work/deno-api-server/src/errors/request.error.ts
FN:2,<instance_members_initializer>
FN:5,RequestError
FNDA:7,<instance_members_initializer>
FNDA:7,RequestError
FNF:2
FNH:2
BRF:0
BRH:0
DA:1,11
DA:2,11
DA:3,11
DA:5,11
DA:6,18
DA:7,18
DA:8,18
DA:9,18
DA:10,11
LH:9
LF:9
end_of_record
SF:/home/darek/work/deno-api-server/src/presets/pipes/body/json-body.pipe.ts
FN:11,jsonBodyPipe
FNDA:3,jsonBodyPipe
FNF:1
FNH:1
BRDA:15,1,0,0
BRF:1
BRH:0
DA:2,3
DA:11,3
DA:12,6
DA:13,6
DA:14,6
DA:15,0
DA:16,0
DA:17,0
DA:18,6
LH:6
LF:9
end_of_record
SF:/home/darek/work/deno-api-server/src/presets/pipes/process/file.pipe.ts
FN:36,mediaTypeByExt
FN:45,mediaTypeByPath
FN:57,filePipe
FNDA:2,mediaTypeByExt
FNDA:3,mediaTypeByPath
FNDA:3,filePipe
FNF:3
FNH:3
BRDA:68,4,0,2
BRDA:74,4,1,0
BRDA:74,4,2,2
BRDA:75,4,3,2
BRDA:80,4,4,1
BRDA:83,4,5,0
BRDA:87,4,6,0
BRDA:91,4,7,2
BRDA:94,4,8,1
BRDA:94,4,9,1
BRDA:94,4,10,1
BRDA:97,4,11,1
BRDA:101,4,12,0
BRDA:102,4,13,0
BRDA:104,4,14,2
BRDA:107,4,15,1
BRF:16
BRH:11
DA:1,1
DA:2,1
DA:3,1
DA:4,1
DA:6,1
DA:7,1
DA:8,1
DA:9,1
DA:10,1
DA:11,1
DA:12,1
DA:13,1
DA:14,1
DA:15,1
DA:16,1
DA:17,1
DA:18,1
DA:19,1
DA:20,1
DA:21,1
DA:22,1
DA:23,1
DA:24,1
DA:25,1
DA:26,1
DA:27,1
DA:28,1
DA:29,1
DA:30,1
DA:36,1
DA:37,3
DA:38,3
DA:45,1
DA:46,4
DA:47,4
DA:57,1
DA:58,1
DA:59,1
DA:61,4
DA:62,4
DA:64,7
DA:65,7
DA:66,21
DA:67,7
DA:68,7
DA:70,9
DA:71,9
DA:74,0
DA:75,7
DA:76,9
DA:77,9
DA:80,7
DA:81,8
DA:82,8
DA:83,0
DA:84,0
DA:85,0
DA:86,8
DA:87,0
DA:88,0
DA:89,0
DA:90,8
DA:91,8
DA:94,7
DA:95,8
DA:96,8
DA:97,7
DA:98,8
DA:99,8
DA:100,8
DA:101,8
DA:102,0
DA:103,8
DA:104,8
DA:107,7
DA:108,8
DA:109,8
DA:110,4
DA:111,4
LH:71
LF:79
end_of_record
SF:/home/darek/work/deno-api-server/src/services/api.ts
FN:11,<instance_members_initializer>
FN:17,Api
FN:21,get host
FN:32,addRoute
FN:41,getUrlByRequest
FN:51,getRouteByRequest
FN:67,listen
FN:138,handleError
FNDA:27,<instance_members_initializer>
FNDA:27,Api
FNDA:7,get host
FNDA:34,addRoute
FNDA:1,getUrlByRequest
FNDA:26,getRouteByRequest
FNDA:0,listen
FNDA:2,handleError
FNF:8
FNH:7
BRDA:23,3,0,0
BRDA:24,3,1,0
BRDA:52,6,0,1
BRDA:54,6,1,34
BRDA:55,6,2,32
BRDA:56,6,3,25
BRDA:60,6,4,1
BRDA:146,8,0,1
BRDA:152,8,1,0
BRF:9
BRH:6
DA:2,8
DA:3,8
DA:4,8
DA:5,8
DA:6,8
DA:7,8
DA:8,8
DA:10,8
DA:11,8
DA:13,35
DA:14,35
DA:15,8
DA:17,8
DA:18,35
DA:19,35
DA:21,8
DA:22,15
DA:23,0
DA:24,0
DA:25,15
DA:26,15
DA:32,8
DA:33,42
DA:35,42
DA:37,42
DA:38,42
DA:39,42
DA:41,8
DA:42,9
DA:43,9
DA:51,8
DA:52,34
DA:54,34
DA:55,68
DA:56,100
DA:57,125
DA:58,125
DA:59,100
DA:60,68
DA:61,35
DA:62,34
DA:67,0
DA:68,0
DA:69,0
DA:70,0
DA:71,0
DA:72,0
DA:73,0
DA:75,0
DA:76,0
DA:77,0
DA:80,0
DA:82,0
DA:83,0
DA:84,0
DA:85,0
DA:86,0
DA:87,0
DA:88,0
DA:89,0
DA:90,0
DA:92,0
DA:93,0
DA:94,0
DA:95,0
DA:97,0
DA:98,0
DA:100,0
DA:102,0
DA:103,0
DA:105,0
DA:106,0
DA:107,0
DA:108,0
DA:109,0
DA:110,0
DA:111,0
DA:112,0
DA:113,0
DA:114,0
DA:115,0
DA:117,0
DA:118,0
DA:119,0
DA:120,0
DA:121,0
DA:122,0
DA:123,0
DA:124,0
DA:125,0
DA:127,0
DA:128,0
DA:129,0
DA:130,0
DA:131,0
DA:132,0
DA:135,0
DA:136,0
DA:138,8
DA:139,10
DA:140,10
DA:142,10
DA:143,30
DA:144,10
DA:146,10
DA:147,11
DA:148,11
DA:149,11
DA:150,11
DA:152,0
DA:153,0
DA:154,0
DA:155,10
DA:156,10
DA:158,10
DA:159,10
DA:160,8
LH:55
LF:117
end_of_record
SF:/home/darek/work/deno-api-server/src/services/matcher/mod.ts
FNF:0
FNH:0
BRF:0
BRH:0
DA:1,7
LH:1
LF:1
end_of_record
SF:/home/darek/work/deno-api-server/src/services/matcher/uri-match.ts
FN:4,<instance_members_initializer>
FN:6,UriMatch
FN:10,getMatch
FNDA:64,<instance_members_initializer>
FNDA:64,UriMatch
FNDA:82,getMatch
FNF:3
FNH:3
BRDA:11,3,0,75
BRDA:17,3,1,7
BRF:2
BRH:2
DA:3,12
DA:4,12
DA:6,12
DA:7,76
DA:8,76
DA:10,12
DA:11,94
DA:12,169
DA:13,169
DA:14,169
DA:15,169
DA:16,169
DA:17,169
DA:19,101
DA:20,94
DA:21,12
LH:16
LF:16
end_of_record
SF:/home/darek/work/deno-api-server/src/services/raw.ts
FN:5,<instance_members_initializer>
FN:7,Raw
FNDA:2,<instance_members_initializer>
FNDA:2,Raw
FNF:2
FNH:2
BRF:0
BRH:0
DA:4,9
DA:5,9
DA:7,9
DA:8,11
DA:9,11
DA:10,9
LH:6
LF:6
end_of_record
SF:/home/darek/work/deno-api-server/src/services/route.ts
FN:16,<instance_members_initializer>
FN:27,Route
FN:40,getMatch
FN:64,prop
FN:74,inject
FN:86,injections
FN:94,isMatch
FN:108,addPipe
FN:120,execute
FNDA:63,<instance_members_initializer>
FNDA:63,Route
FNDA:0,getMatch
FNDA:3,prop
FNDA:2,inject
FNDA:4,injections
FNDA:32,isMatch
FNDA:48,addPipe
FNDA:48,execute
FNF:9
FNH:8
BRDA:29,2,0,62
BRDA:37,2,1,0
BRDA:75,6,0,1
BRDA:75,6,1,1
BRDA:96,8,0,31
BRDA:96,8,1,25
BRDA:98,8,2,7
BRDA:138,10,0,51
BRDA:139,10,1,44
BRDA:142,10,2,0
BRDA:145,10,3,41
BRDA:148,10,4,0
BRF:12
BRH:9
DA:1,11
DA:2,11
DA:11,11
DA:12,11
DA:13,11
DA:15,11
DA:16,11
DA:17,74
DA:18,74
DA:19,74
DA:20,74
DA:21,11
DA:27,11
DA:29,74
DA:30,408
DA:31,136
DA:32,74
DA:35,74
DA:36,74
DA:37,0
DA:38,0
DA:39,0
DA:40,0
DA:41,0
DA:42,0
DA:43,0
DA:44,0
DA:45,0
DA:46,0
DA:47,0
DA:48,0
DA:49,0
DA:50,0
DA:51,0
DA:52,0
DA:53,0
DA:54,0
DA:55,0
DA:56,74
DA:64,11
DA:65,14
DA:66,14
DA:67,14
DA:74,11
DA:75,13
DA:76,14
DA:77,14
DA:78,14
DA:79,14
DA:80,13
DA:86,11
DA:87,15
DA:88,15
DA:89,15
DA:94,11
DA:95,43
DA:96,43
DA:97,99
DA:98,99
DA:100,81
DA:101,43
DA:108,11
DA:109,59
DA:110,59
DA:111,59
DA:120,11
DA:121,11
DA:122,11
DA:123,11
DA:124,11
DA:125,59
DA:127,59
DA:128,59
DA:129,59
DA:130,59
DA:131,59
DA:132,59
DA:133,59
DA:134,59
DA:135,59
DA:136,59
DA:138,59
DA:139,110
DA:142,0
DA:143,0
DA:144,0
DA:145,110
DA:147,100
DA:148,0
DA:149,0
DA:150,0
DA:151,59
DA:152,11
LH:68
LF:93
end_of_record
SF:/home/darek/work/deno-api-server/src/testing/mock-context.ts
FN:13,mockContext
FNDA:4,mockContext
FNF:1
FNH:1
BRF:0
BRH:0
DA:2,9
DA:3,9
DA:4,9
DA:13,9
DA:14,13
DA:15,13
DA:17,13
DA:18,13
DA:19,13
DA:20,13
DA:22,13
DA:24,13
DA:25,13
DA:27,13
DA:28,13
DA:29,13
DA:30,13
DA:32,13
DA:33,13
DA:34,13
DA:35,13
DA:36,13
DA:37,13
DA:38,13
DA:40,13
DA:41,13
DA:42,13
DA:43,13
DA:44,13
DA:45,13
DA:46,13
DA:47,13
LH:32
LF:32
end_of_record
SF:/home/darek/work/deno-api-server/src/testing/mock-fn.ts
FN:4,mockFn
FN:4,implementation
FN:7,clear
FN:12,implement
FN:12,fn
FN:22,mock.calls.at
FN:28,fn
FNDA:16,mockFn
FNDA:14,implementation
FNDA:0,clear
FNDA:1,implement
FNDA:0,fn
FNDA:0,mock.calls.at
FNDA:19,fn
FNF:7
FNH:4
BRDA:21,1,0,0
BRF:1
BRH:0
DA:4,10
DA:5,26
DA:6,26
DA:7,0
DA:8,0
DA:9,0
DA:10,0
DA:11,0
DA:12,0
DA:13,27
DA:14,27
DA:15,26
DA:16,26
DA:17,26
DA:18,26
DA:21,0
DA:22,0
DA:23,0
DA:24,0
DA:25,0
DA:28,26
DA:30,45
DA:32,45
DA:34,45
DA:35,45
DA:36,45
DA:38,26
DA:40,26
DA:41,26
LH:18
LF:29
end_of_record
SF:/home/darek/work/deno-api-server/src/testing/mock-request.ts
FN:8,mockRequest
FNDA:55,mockRequest
FNF:1
FNH:1
BRDA:19,1,0,3
BRDA:19,1,1,3
BRDA:25,1,2,3
BRF:3
BRH:3
DA:8,12
DA:9,12
DA:10,12
DA:11,12
DA:12,12
DA:14,67
DA:16,67
DA:19,67
DA:20,70
DA:21,70
DA:22,70
DA:25,67
DA:26,70
DA:27,70
DA:28,70
DA:30,67
DA:31,67
DA:32,67
DA:33,67
DA:34,67
DA:35,67
DA:36,67
LH:22
LF:22
end_of_record
SF:/home/darek/work/deno-api-server/src/testing/mock-response.ts
FN:6,mockResponse
FNDA:55,mockResponse
FNF:1
FNH:1
BRF:0
BRH:0
DA:6,12
DA:7,268
DA:8,67
LH:3
LF:3
end_of_record
SF:/home/darek/work/deno-api-server/src/testing/test-api.ts
FN:13,<instance_members_initializer>
FN:16,TestApi
FN:23,inject
FN:28,request
FN:114,testApi
FNDA:25,<instance_members_initializer>
FNDA:25,TestApi
FNDA:3,inject
FNDA:25,request
FNDA:25,testApi
FNF:5
FNH:5
BRDA:29,4,0,0
BRDA:35,4,1,1
BRDA:42,4,2,0
BRDA:59,4,3,24
BRDA:61,4,4,3
BRDA:66,4,5,20
BRDA:69,4,6,1
BRDA:75,4,7,4
BRDA:76,4,8,0
BRDA:80,4,9,0
BRDA:84,4,10,0
BRDA:90,4,11,5
BRDA:92,4,12,1
BRDA:93,4,13,4
BRDA:93,4,14,1
BRDA:103,4,15,21
BRDA:103,4,16,21
BRF:17
BRH:12
DA:3,9
DA:4,9
DA:5,9
DA:6,9
DA:7,9
DA:8,9
DA:9,9
DA:12,9
DA:13,9
DA:14,9
DA:16,9
DA:17,34
DA:18,34
DA:23,9
DA:24,48
DA:25,12
DA:26,12
DA:28,9
DA:29,0
DA:30,34
DA:31,34
DA:32,34
DA:35,34
DA:36,35
DA:37,35
DA:38,35
DA:39,35
DA:42,0
DA:43,0
DA:44,0
DA:45,0
DA:46,0
DA:47,0
DA:48,0
DA:49,0
DA:51,34
DA:53,34
DA:54,34
DA:56,34
DA:57,34
DA:59,34
DA:60,174
DA:61,58
DA:62,244
DA:63,61
DA:65,58
DA:66,58
DA:68,78
DA:69,34
DA:70,35
DA:71,35
DA:73,35
DA:74,35
DA:75,34
DA:76,0
DA:78,38
DA:79,38
DA:80,0
DA:81,0
DA:82,0
DA:84,0
DA:85,38
DA:86,152
DA:88,38
DA:90,34
DA:91,39
DA:92,39
DA:93,39
DA:94,195
DA:95,39
DA:96,39
DA:97,39
DA:98,39
DA:99,39
DA:100,39
DA:102,34
DA:103,34
DA:104,34
DA:105,34
DA:106,34
DA:108,34
DA:109,34
DA:110,34
DA:111,34
DA:112,9
DA:114,9
DA:115,34
DA:116,34
LH:74
LF:88
end_of_record
SF:/home/darek/work/deno-api-server/src/testing/test-route.ts
FN:26,<instance_members_initializer>
FN:30,TestRoute
FN:39,mock
FN:47,inject
FN:52,request
FN:139,testRoute
FNDA:23,<instance_members_initializer>
FNDA:23,TestRoute
FNDA:5,mock
FNDA:2,inject
FNDA:23,request
FNDA:23,testRoute
FNF:6
FNH:6
BRDA:40,3,0,3
BRDA:53,5,0,6
BRDA:53,5,1,22
BRDA:54,5,2,6
BRDA:59,5,3,6
BRDA:59,5,4,1
BRDA:66,5,5,6
BRDA:66,5,6,2
BRDA:67,5,7,0
BRDA:80,5,8,5
BRDA:89,5,9,9
BRDA:93,5,10,2
BRDA:101,5,11,20
BRDA:102,5,12,3
BRDA:103,5,13,0
BRDA:104,5,14,2
BRDA:106,5,15,1
BRDA:112,5,16,29
BRDA:116,5,17,3
BRDA:129,5,18,20
BRDA:129,5,19,20
BRDA:82,6,0,5
BRDA:84,6,1,3
BRDA:85,6,2,4
BRF:24
BRH:22
DA:3,9
DA:4,9
DA:5,9
DA:25,9
DA:26,9
DA:27,32
DA:28,9
DA:30,9
DA:31,32
DA:32,32
DA:39,9
DA:40,14
DA:41,14
DA:42,14
DA:47,9
DA:48,44
DA:49,11
DA:50,11
DA:52,9
DA:53,32
DA:54,32
DA:55,32
DA:56,32
DA:59,32
DA:60,33
DA:61,33
DA:62,33
DA:63,33
DA:66,32
DA:67,0
DA:68,0
DA:69,0
DA:70,34
DA:71,34
DA:72,34
DA:73,34
DA:76,96
DA:77,96
DA:80,32
DA:81,37
DA:82,46
DA:83,51
DA:84,51
DA:85,51
DA:86,50
DA:87,37
DA:88,37
DA:89,37
DA:90,37
DA:93,32
DA:94,136
DA:95,34
DA:97,32
DA:98,32
DA:100,32
DA:101,32
DA:102,32
DA:103,0
DA:104,35
DA:105,37
DA:106,37
DA:107,38
DA:108,38
DA:109,32
DA:111,32
DA:112,32
DA:113,32
DA:114,32
DA:116,32
DA:117,35
DA:118,35
DA:119,35
DA:120,175
DA:121,35
DA:122,35
DA:123,35
DA:124,35
DA:125,35
DA:126,35
DA:128,32
DA:129,32
DA:130,32
DA:131,32
DA:132,32
DA:133,32
DA:134,32
DA:135,32
DA:136,32
DA:137,9
DA:139,9
DA:140,32
DA:141,32
LH:88
LF:92
end_of_record
